<?xml version="1.0" encoding="UTF-8"?>
<!-- Generated by org.testng.reporters.JUnitReportReporter -->
<testsuite hostname="Keerthi" failures="0" tests="1" name="AdvanceScenarios.RobotClassEx" time="3.923" errors="0" timestamp="2024-08-13T14:56:21 IST" skipped="0">
  <testcase classname="AdvanceScenarios.RobotClassEx" name="RobotClassEx" time="3.923"/>
</testsuite> <!-- AdvanceScenarios.RobotClassEx -->
