<?xml version="1.0" encoding="UTF-8"?>
<!-- Generated by org.testng.reporters.JUnitReportReporter -->
<testsuite hostname="Keerthi" failures="0" tests="1" name="demo.Assignment1" time="7.754" errors="0" timestamp="2024-11-19T16:35:04 IST" skipped="0">
  <testcase classname="demo.Assignment1" name="Assignment1" time="7.754"/>
</testsuite> <!-- demo.Assignment1 -->
