<?xml version="1.0" encoding="UTF-8"?>
<!-- Generated by org.testng.reporters.JUnitReportReporter -->
<testsuite hostname="Keerthi" failures="0" tests="1" name="demo.FlipKartEx" time="4.725" errors="0" timestamp="2024-11-23T18:28:02 IST" skipped="0">
  <testcase classname="demo.FlipKartEx" name="FlipKartEx" time="4.725"/>
</testsuite> <!-- demo.FlipKartEx -->
