<?xml version="1.0" encoding="UTF-8"?>
<!-- Generated by org.testng.reporters.JUnitReportReporter -->
<testsuite hostname="Keerthi" failures="0" tests="1" name="AdvanceScenarios.CalenderPopUp" time="7.792" errors="0" timestamp="2024-08-13T14:56:21 IST" skipped="0">
  <testcase classname="AdvanceScenarios.CalenderPopUp" name="CalenderPopUp" time="7.792"/>
</testsuite> <!-- AdvanceScenarios.CalenderPopUp -->
