<?xml version="1.0" encoding="UTF-8"?>
<!-- Generated by org.testng.reporters.JUnitReportReporter -->
<testsuite hostname="Keerthi" failures="0" tests="5" name="FrameWork.SampleTest" time="0.016" errors="0" timestamp="2024-08-12T15:45:50 IST" skipped="1">
  <testcase classname="FrameWork.SampleTest" name="deleteContact" time="0.002"/>
  <testcase classname="FrameWork.SampleTest" name="createContact" time="0.012"/>
  <testcase classname="FrameWork.SampleTest" name="deleteContact" time="0.001"/>
  <testcase classname="FrameWork.SampleTest" name="deleteContact" time="0.001"/>
  <testcase classname="FrameWork.SampleTest" name="modifyContact">
    <skipped/>
  </testcase> <!-- modifyContact -->
</testsuite> <!-- FrameWork.SampleTest -->
