<?xml version="1.0" encoding="UTF-8"?>
<!-- Generated by org.testng.reporters.JUnitReportReporter -->
<testsuite hostname="Keerthi" failures="0" tests="1" name="AdvanceScenarios.HandlingSVGElements" time="4.429" errors="0" timestamp="2024-08-18T13:47:33 IST" skipped="0">
  <testcase classname="AdvanceScenarios.HandlingSVGElements" name="HandlingSVGElements" time="4.429"/>
</testsuite> <!-- AdvanceScenarios.HandlingSVGElements -->
